<?xml version="1.0" encoding="UTF-8"?>
<!-- Generated by org.testng.reporters.JUnitXMLReporter -->
<testsuite ignored="0" hostname="Afrinas-MacBook-Air.local" failures="1" tests="18" name="Assesment" time="318.799" errors="0" timestamp="2023-09-23T23:32:42 BDT">
  <testcase classname="TestCase.TC1" name="isItHomeScreen" time="0.188"/>
  <testcase classname="TestCase.TC1" name="addProductsToCart" time="81.981"/>
  <testcase classname="TestCase.TC1" name="clickCartButton" time="23.133"/>
  <testcase classname="TestCase.TC1" name="isItCartsScreen" time="0.045"/>
  <testcase classname="TestCase.TC1" name="clickProceedToCheckouttButton" time="10.292"/>
  <testcase classname="TestCase.TC1" name="clickRegisterButton" time="21.566"/>
  <testcase classname="TestCase.TC1" name="userRegistration" time="28.298"/>
  <testcase classname="TestCase.TC1" name="registrationConfirm" time="25.119"/>
  <testcase classname="TestCase.TC1" name="verfiyUserName" time="15.052"/>
  <testcase classname="TestCase.TC1" name="clickCartButtonAgain" time="12.432"/>
  <testcase classname="TestCase.TC1" name="clickProceedToCheckouttButtonAgain" time="12.847"/>
  <testcase classname="TestCase.TC1" name="verfiyDeliveryAddress" time="5.201"/>
  <testcase classname="TestCase.TC1" name="verfiyBillingAddress" time="5.155"/>
  <testcase classname="TestCase.TC1" name="addComment" time="0.128"/>
  <testcase classname="TestCase.TC1" name="clickPlaceOrder" time="11.836"/>
  <testcase classname="TestCase.TC1" name="enterCardDetails" time="10.189"/>
  <testcase classname="TestCase.TC1" name="doPayment" time="4.383"/>
  <testcase classname="TestCase.TC1" name="paymentConfirm" time="30.312">
    <failure type="org.openqa.selenium.NoSuchElementException" message="Unable to locate element: #success_message
For documentation on this error, please visit: https://www.selenium.dev/documentation/webdriver/troubleshooting/errors#no-such-element-exception
Build info: version: &amp;apos;4.12.0&amp;apos;, revision: &amp;apos;249f2a7d1b*&amp;apos;
System info: os.name: &amp;apos;Mac OS X&amp;apos;, os.arch: &amp;apos;x86_64&amp;apos;, os.version: &amp;apos;12.6&amp;apos;, java.version: &amp;apos;11.0.19&amp;apos;
Driver info: org.openqa.selenium.firefox.FirefoxDriver
Command: [60ccb6e3-7349-4907-8f1d-70360000e67b, findElement {using=id, value=success_message}]
Capabilities {acceptInsecureCerts: true, browserName: firefox, browserVersion: 97.0.1, moz:accessibilityChecks: false, moz:buildID: 20220216172458, moz:debuggerAddress: localhost:35175, moz:geckodriverVersion: 0.31.0, moz:headless: false, moz:processID: 16854, moz:profile: /var/folders/_d/dmtdj7lj7sl..., moz:shutdownTimeout: 60000, moz:useNonSpecCompliantPointerOrigin: false, moz:webdriverClick: true, pageLoadStrategy: normal, platformName: mac, platformVersion: 21.6.0, proxy: Proxy(), se:cdp: ws://localhost:35175/devtoo..., se:cdpVersion: 85.0, setWindowRect: true, strictFileInteractability: false, timeouts: {implicit: 0, pageLoad: 300000, script: 30000}, unhandledPromptBehavior: dismiss and notify}
Session ID: 60ccb6e3-7349-4907-8f1d-70360000e67b">
      <![CDATA[org.openqa.selenium.NoSuchElementException: Unable to locate element: #success_message
For documentation on this error, please visit: https://www.selenium.dev/documentation/webdriver/troubleshooting/errors#no-such-element-exception
Build info: version: '4.12.0', revision: '249f2a7d1b*'
System info: os.name: 'Mac OS X', os.arch: 'x86_64', os.version: '12.6', java.version: '11.0.19'
Driver info: org.openqa.selenium.firefox.FirefoxDriver
Command: [60ccb6e3-7349-4907-8f1d-70360000e67b, findElement {using=id, value=success_message}]
Capabilities {acceptInsecureCerts: true, browserName: firefox, browserVersion: 97.0.1, moz:accessibilityChecks: false, moz:buildID: 20220216172458, moz:debuggerAddress: localhost:35175, moz:geckodriverVersion: 0.31.0, moz:headless: false, moz:processID: 16854, moz:profile: /var/folders/_d/dmtdj7lj7sl..., moz:shutdownTimeout: 60000, moz:useNonSpecCompliantPointerOrigin: false, moz:webdriverClick: true, pageLoadStrategy: normal, platformName: mac, platformVersion: 21.6.0, proxy: Proxy(), se:cdp: ws://localhost:35175/devtoo..., se:cdpVersion: 85.0, setWindowRect: true, strictFileInteractability: false, timeouts: {implicit: 0, pageLoad: 300000, script: 30000}, unhandledPromptBehavior: dismiss and notify}
Session ID: 60ccb6e3-7349-4907-8f1d-70360000e67b
at org.openqa.selenium.remote.codec.w3c.W3CHttpResponseCodec.createException(W3CHttpResponseCodec.java:200)
at org.openqa.selenium.remote.codec.w3c.W3CHttpResponseCodec.decode(W3CHttpResponseCodec.java:133)
at org.openqa.selenium.remote.codec.w3c.W3CHttpResponseCodec.decode(W3CHttpResponseCodec.java:52)
at org.openqa.selenium.remote.HttpCommandExecutor.execute(HttpCommandExecutor.java:191)
at org.openqa.selenium.remote.service.DriverCommandExecutor.invokeExecute(DriverCommandExecutor.java:196)
at org.openqa.selenium.remote.service.DriverCommandExecutor.execute(DriverCommandExecutor.java:171)
at org.openqa.selenium.remote.RemoteWebDriver.execute(RemoteWebDriver.java:602)
at org.openqa.selenium.remote.ElementLocation$ElementFinder$2.findElement(ElementLocation.java:165)
at org.openqa.selenium.remote.ElementLocation.findElement(ElementLocation.java:59)
at org.openqa.selenium.remote.RemoteWebDriver.findElement(RemoteWebDriver.java:359)
at org.openqa.selenium.remote.RemoteWebDriver.findElement(RemoteWebDriver.java:353)
at Base.Operations.getText(Operations.java:50)
at Pages.Payment.verifyPaymentSuccessMsg(Payment.java:39)
at TestCase.TC1.paymentConfirm(TC1.java:227)
at java.base/java.util.ArrayList.forEach(ArrayList.java:1541)
at com.intellij.rt.testng.IDEARemoteTestNG.run(IDEARemoteTestNG.java:66)
at com.intellij.rt.testng.RemoteTestNGStarter.main(RemoteTestNGStarter.java:109)
... Removed 28 stack frames]]>
    </failure>
  </testcase> <!-- paymentConfirm -->
</testsuite> <!-- Assesment -->
