<?xml version="1.0" encoding="UTF-8"?>
<!-- Generated by org.testng.reporters.JUnitReportReporter -->
<testsuite hostname="Afrinas-MacBook-Air.local" failures="0" tests="18" name="TestCase.TC1" time="298.157" errors="1" timestamp="2023-09-23T23:32:43 BDT" skipped="0">
  <testcase classname="TestCase.TC1" name="isItHomeScreen" time="0.188"/>
  <system-out/>
  <testcase classname="TestCase.TC1" name="addProductsToCart" time="81.981"/>
  <system-out/>
  <testcase classname="TestCase.TC1" name="clickCartButton" time="23.133"/>
  <system-out/>
  <testcase classname="TestCase.TC1" name="isItCartsScreen" time="0.045"/>
  <system-out/>
  <testcase classname="TestCase.TC1" name="clickProceedToCheckouttButton" time="10.292"/>
  <system-out/>
  <testcase classname="TestCase.TC1" name="clickRegisterButton" time="21.566"/>
  <system-out/>
  <testcase classname="TestCase.TC1" name="userRegistration" time="28.298"/>
  <system-out/>
  <testcase classname="TestCase.TC1" name="registrationConfirm" time="25.119"/>
  <system-out/>
  <testcase classname="TestCase.TC1" name="verfiyUserName" time="15.052"/>
  <system-out/>
  <testcase classname="TestCase.TC1" name="clickCartButtonAgain" time="12.432"/>
  <system-out/>
  <testcase classname="TestCase.TC1" name="clickProceedToCheckouttButtonAgain" time="12.847"/>
  <system-out/>
  <testcase classname="TestCase.TC1" name="verfiyDeliveryAddress" time="5.201"/>
  <system-out/>
  <testcase classname="TestCase.TC1" name="verfiyBillingAddress" time="5.155"/>
  <system-out/>
  <testcase classname="TestCase.TC1" name="addComment" time="0.128"/>
  <system-out/>
  <testcase classname="TestCase.TC1" name="clickPlaceOrder" time="11.836"/>
  <system-out/>
  <testcase classname="TestCase.TC1" name="enterCardDetails" time="10.189"/>
  <system-out/>
  <testcase classname="TestCase.TC1" name="doPayment" time="4.383"/>
  <system-out/>
  <testcase classname="TestCase.TC1" name="paymentConfirm" time="30.312">
    <error message="Unable to locate element: #success_message
For documentation on this error, please visit: https://www.selenium.dev/documentation/webdriver/troubleshooting/errors#no-such-element-exception
Build info: version: &#039;4.12.0&#039;, revision: &#039;249f2a7d1b*&#039;
System info: os.name: &#039;Mac OS X&#039;, os.arch: &#039;x86_64&#039;, os.version: &#039;12.6&#039;, java.version: &#039;11.0.19&#039;
Driver info: org.openqa.selenium.firefox.FirefoxDriver
Command: [60ccb6e3-7349-4907-8f1d-70360000e67b, findElement {using=id, value=success_message}]
Capabilities {acceptInsecureCerts: true, browserName: firefox, browserVersion: 97.0.1, moz:accessibilityChecks: false, moz:buildID: 20220216172458, moz:debuggerAddress: localhost:35175, moz:geckodriverVersion: 0.31.0, moz:headless: false, moz:processID: 16854, moz:profile: /var/folders/_d/dmtdj7lj7sl..., moz:shutdownTimeout: 60000, moz:useNonSpecCompliantPointerOrigin: false, moz:webdriverClick: true, pageLoadStrategy: normal, platformName: mac, platformVersion: 21.6.0, proxy: Proxy(), se:cdp: ws://localhost:35175/devtoo..., se:cdpVersion: 85.0, setWindowRect: true, strictFileInteractability: false, timeouts: {implicit: 0, pageLoad: 300000, script: 30000}, unhandledPromptBehavior: dismiss and notify}
Session ID: 60ccb6e3-7349-4907-8f1d-70360000e67b" type="org.openqa.selenium.NoSuchElementException">
      <![CDATA[org.openqa.selenium.NoSuchElementException: Unable to locate element: #success_message
For documentation on this error, please visit: https://www.selenium.dev/documentation/webdriver/troubleshooting/errors#no-such-element-exception
Build info: version: '4.12.0', revision: '249f2a7d1b*'
System info: os.name: 'Mac OS X', os.arch: 'x86_64', os.version: '12.6', java.version: '11.0.19'
Driver info: org.openqa.selenium.firefox.FirefoxDriver
Command: [60ccb6e3-7349-4907-8f1d-70360000e67b, findElement {using=id, value=success_message}]
Capabilities {acceptInsecureCerts: true, browserName: firefox, browserVersion: 97.0.1, moz:accessibilityChecks: false, moz:buildID: 20220216172458, moz:debuggerAddress: localhost:35175, moz:geckodriverVersion: 0.31.0, moz:headless: false, moz:processID: 16854, moz:profile: /var/folders/_d/dmtdj7lj7sl..., moz:shutdownTimeout: 60000, moz:useNonSpecCompliantPointerOrigin: false, moz:webdriverClick: true, pageLoadStrategy: normal, platformName: mac, platformVersion: 21.6.0, proxy: Proxy(), se:cdp: ws://localhost:35175/devtoo..., se:cdpVersion: 85.0, setWindowRect: true, strictFileInteractability: false, timeouts: {implicit: 0, pageLoad: 300000, script: 30000}, unhandledPromptBehavior: dismiss and notify}
Session ID: 60ccb6e3-7349-4907-8f1d-70360000e67b
at java.base/jdk.internal.reflect.NativeConstructorAccessorImpl.newInstance0(Native Method)
at java.base/jdk.internal.reflect.NativeConstructorAccessorImpl.newInstance(NativeConstructorAccessorImpl.java:62)
at java.base/jdk.internal.reflect.DelegatingConstructorAccessorImpl.newInstance(DelegatingConstructorAccessorImpl.java:45)
at java.base/java.lang.reflect.Constructor.newInstance(Constructor.java:490)
at org.openqa.selenium.remote.codec.w3c.W3CHttpResponseCodec.createException(W3CHttpResponseCodec.java:200)
at org.openqa.selenium.remote.codec.w3c.W3CHttpResponseCodec.decode(W3CHttpResponseCodec.java:133)
at org.openqa.selenium.remote.codec.w3c.W3CHttpResponseCodec.decode(W3CHttpResponseCodec.java:52)
at org.openqa.selenium.remote.HttpCommandExecutor.execute(HttpCommandExecutor.java:191)
at org.openqa.selenium.remote.service.DriverCommandExecutor.invokeExecute(DriverCommandExecutor.java:196)
at org.openqa.selenium.remote.service.DriverCommandExecutor.execute(DriverCommandExecutor.java:171)
at org.openqa.selenium.remote.RemoteWebDriver.execute(RemoteWebDriver.java:602)
at org.openqa.selenium.remote.ElementLocation$ElementFinder$2.findElement(ElementLocation.java:165)
at org.openqa.selenium.remote.ElementLocation.findElement(ElementLocation.java:59)
at org.openqa.selenium.remote.RemoteWebDriver.findElement(RemoteWebDriver.java:359)
at org.openqa.selenium.remote.RemoteWebDriver.findElement(RemoteWebDriver.java:353)
at Base.Operations.getText(Operations.java:50)
at Pages.Payment.verifyPaymentSuccessMsg(Payment.java:39)
at TestCase.TC1.paymentConfirm(TC1.java:227)
at java.base/jdk.internal.reflect.NativeMethodAccessorImpl.invoke0(Native Method)
at java.base/jdk.internal.reflect.NativeMethodAccessorImpl.invoke(NativeMethodAccessorImpl.java:62)
at java.base/jdk.internal.reflect.DelegatingMethodAccessorImpl.invoke(DelegatingMethodAccessorImpl.java:43)
at java.base/java.lang.reflect.Method.invoke(Method.java:566)
at org.testng.internal.invokers.MethodInvocationHelper.invokeMethod(MethodInvocationHelper.java:139)
at org.testng.internal.invokers.TestInvoker.invokeMethod(TestInvoker.java:677)
at org.testng.internal.invokers.TestInvoker.invokeTestMethod(TestInvoker.java:221)
at org.testng.internal.invokers.MethodRunner.runInSequence(MethodRunner.java:50)
at org.testng.internal.invokers.TestInvoker$MethodInvocationAgent.invoke(TestInvoker.java:969)
at org.testng.internal.invokers.TestInvoker.invokeTestMethods(TestInvoker.java:194)
at org.testng.internal.invokers.TestMethodWorker.invokeTestMethods(TestMethodWorker.java:148)
at org.testng.internal.invokers.TestMethodWorker.run(TestMethodWorker.java:128)
at java.base/java.util.ArrayList.forEach(ArrayList.java:1541)
at org.testng.TestRunner.privateRun(TestRunner.java:829)
at org.testng.TestRunner.run(TestRunner.java:602)
at org.testng.SuiteRunner.runTest(SuiteRunner.java:437)
at org.testng.SuiteRunner.runSequentially(SuiteRunner.java:431)
at org.testng.SuiteRunner.privateRun(SuiteRunner.java:391)
at org.testng.SuiteRunner.run(SuiteRunner.java:330)
at org.testng.SuiteRunnerWorker.runSuite(SuiteRunnerWorker.java:52)
at org.testng.SuiteRunnerWorker.run(SuiteRunnerWorker.java:95)
at org.testng.TestNG.runSuitesSequentially(TestNG.java:1256)
at org.testng.TestNG.runSuitesLocally(TestNG.java:1176)
at org.testng.TestNG.runSuites(TestNG.java:1099)
at org.testng.TestNG.run(TestNG.java:1067)
at com.intellij.rt.testng.IDEARemoteTestNG.run(IDEARemoteTestNG.java:66)
at com.intellij.rt.testng.RemoteTestNGStarter.main(RemoteTestNGStarter.java:109)
]]>
    </error>
  </testcase> <!-- paymentConfirm -->
  <system-out/>
</testsuite> <!-- TestCase.TC1 -->
